<?xml version="1.0" encoding="UTF-8"?>
<coverage generated="1752310429699" clover="3.2.0">
  <project timestamp="1752310429699" name="All files">
    <metrics statements="299" coveredstatements="296" conditionals="96" coveredconditionals="88" methods="56" coveredmethods="53" elements="451" coveredelements="437" complexity="0" loc="299" ncloc="299" packages="3" files="5" classes="5"/>
    <package name="core">
      <metrics statements="188" coveredstatements="187" conditionals="74" coveredconditionals="68" methods="34" coveredmethods="34"/>
      <file name="Board.ts" path="/home/witchcraze/dev/tetris/src/core/Board.ts">
        <metrics statements="29" coveredstatements="29" conditionals="10" coveredconditionals="10" methods="8" coveredmethods="8"/>
        <line num="3" count="3" type="stmt"/>
        <line num="9" count="46" type="stmt"/>
        <line num="10" count="46" type="stmt"/>
        <line num="11" count="920" type="stmt"/>
        <line num="15" count="383" type="stmt"/>
        <line num="16" count="383" type="stmt"/>
        <line num="17" count="1453" type="stmt"/>
        <line num="18" count="5660" type="cond" truecount="1" falsecount="0"/>
        <line num="19" count="1459" type="stmt"/>
        <line num="20" count="1459" type="stmt"/>
        <line num="23" count="1459" type="cond" truecount="4" falsecount="0"/>
        <line num="24" count="8" type="stmt"/>
        <line num="27" count="1451" type="cond" truecount="3" falsecount="0"/>
        <line num="28" count="17" type="stmt"/>
        <line num="33" count="358" type="stmt"/>
        <line num="37" count="19" type="stmt"/>
        <line num="38" count="19" type="stmt"/>
        <line num="39" count="76" type="stmt"/>
        <line num="40" count="304" type="cond" truecount="1" falsecount="0"/>
        <line num="41" count="76" type="stmt"/>
        <line num="48" count="760" type="stmt"/>
        <line num="52" count="19" type="stmt"/>
        <line num="53" count="19" type="stmt"/>
        <line num="54" count="676" type="cond" truecount="1" falsecount="0"/>
        <line num="56" count="24" type="stmt"/>
        <line num="57" count="24" type="stmt"/>
        <line num="58" count="24" type="stmt"/>
        <line num="59" count="24" type="stmt"/>
        <line num="62" count="19" type="stmt"/>
      </file>
      <file name="Game.ts" path="/home/witchcraze/dev/tetris/src/core/Game.ts">
        <metrics statements="128" coveredstatements="127" conditionals="48" coveredconditionals="42" methods="17" coveredmethods="17"/>
        <line num="1" count="1" type="stmt"/>
        <line num="2" count="1" type="stmt"/>
        <line num="3" count="1" type="stmt"/>
        <line num="5" count="1" type="stmt"/>
        <line num="7" count="38" type="stmt"/>
        <line num="8" count="38" type="stmt"/>
        <line num="9" count="38" type="stmt"/>
        <line num="10" count="38" type="stmt"/>
        <line num="11" count="38" type="stmt"/>
        <line num="12" count="38" type="stmt"/>
        <line num="13" count="38" type="stmt"/>
        <line num="14" count="38" type="stmt"/>
        <line num="16" count="38" type="stmt"/>
        <line num="17" count="38" type="stmt"/>
        <line num="18" count="38" type="stmt"/>
        <line num="19" count="38" type="stmt"/>
        <line num="35" count="38" type="stmt"/>
        <line num="36" count="38" type="cond" truecount="1" falsecount="0"/>
        <line num="37" count="1" type="stmt"/>
        <line num="39" count="38" type="cond" truecount="1" falsecount="0"/>
        <line num="40" count="1" type="stmt"/>
        <line num="47" count="4" type="cond" truecount="3" falsecount="0"/>
        <line num="49" count="1" type="stmt"/>
        <line num="58" count="1" type="stmt"/>
        <line num="60" count="1" type="stmt"/>
        <line num="69" count="1" type="stmt"/>
        <line num="73" count="2" type="stmt"/>
        <line num="82" count="2" type="stmt"/>
        <line num="85" count="4" type="cond" truecount="1" falsecount="0"/>
        <line num="86" count="4" type="stmt"/>
        <line num="88" count="10" type="stmt"/>
        <line num="89" count="4" type="cond" truecount="1" falsecount="0"/>
        <line num="90" count="1" type="stmt"/>
        <line num="95" count="38" type="stmt"/>
        <line num="96" count="38" type="stmt"/>
        <line num="97" count="38" type="stmt"/>
        <line num="98" count="38" type="cond" truecount="2" falsecount="0"/>
        <line num="99" count="38" type="stmt"/>
        <line num="100" count="38" type="stmt"/>
        <line num="101" count="38" type="stmt"/>
        <line num="102" count="38" type="stmt"/>
        <line num="103" count="38" type="stmt"/>
        <line num="104" count="114" type="stmt"/>
        <line num="106" count="38" type="stmt"/>
        <line num="110" count="1" type="cond" truecount="0" falsecount="1"/>
        <line num="112" count="1" type="cond" truecount="1" falsecount="0"/>
        <line num="113" count="1" type="stmt"/>
        <line num="114" count="1" type="cond" truecount="1" falsecount="1"/>
        <line num="115" count="0" type="stmt"/>
        <line num="117" count="1" type="stmt"/>
        <line num="118" count="1" type="stmt"/>
        <line num="119" count="1" type="cond" truecount="3" falsecount="0"/>
        <line num="120" count="1" type="stmt"/>
        <line num="122" count="1" type="stmt"/>
        <line num="123" count="1" type="stmt"/>
        <line num="124" count="1" type="stmt"/>
        <line num="130" count="19" type="cond" truecount="5" falsecount="0"/>
        <line num="132" count="15" type="stmt"/>
        <line num="134" count="1" type="stmt"/>
        <line num="136" count="1" type="stmt"/>
        <line num="138" count="1" type="stmt"/>
        <line num="140" count="1" type="stmt"/>
        <line num="145" count="15" type="stmt"/>
        <line num="146" count="15" type="cond" truecount="1" falsecount="0"/>
        <line num="147" count="3" type="stmt"/>
        <line num="148" count="3" type="cond" truecount="1" falsecount="0"/>
        <line num="149" count="1" type="stmt"/>
        <line num="155" count="4" type="stmt"/>
        <line num="161" count="4" type="stmt"/>
        <line num="165" count="57" type="cond" truecount="1" falsecount="1"/>
        <line num="166" count="57" type="stmt"/>
        <line num="168" count="57" type="cond" truecount="3" falsecount="0"/>
        <line num="169" count="1" type="stmt"/>
        <line num="171" count="57" type="stmt"/>
        <line num="175" count="35" type="stmt"/>
        <line num="176" count="35" type="stmt"/>
        <line num="180" count="9" type="cond" truecount="2" falsecount="1"/>
        <line num="182" count="9" type="stmt"/>
        <line num="183" count="9" type="stmt"/>
        <line num="185" count="9" type="cond" truecount="5" falsecount="0"/>
        <line num="187" count="1" type="stmt"/>
        <line num="188" count="1" type="stmt"/>
        <line num="190" count="1" type="stmt"/>
        <line num="191" count="1" type="stmt"/>
        <line num="193" count="1" type="stmt"/>
        <line num="194" count="1" type="stmt"/>
        <line num="197" count="2" type="stmt"/>
        <line num="198" count="2" type="stmt"/>
        <line num="199" count="2" type="cond" truecount="1" falsecount="0"/>
        <line num="201" count="1" type="stmt"/>
        <line num="203" count="2" type="stmt"/>
        <line num="205" count="4" type="cond" truecount="1" falsecount="0"/>
        <line num="206" count="3" type="cond" truecount="2" falsecount="0"/>
        <line num="208" count="1" type="stmt"/>
        <line num="209" count="1" type="stmt"/>
        <line num="210" count="1" type="stmt"/>
        <line num="211" count="1" type="stmt"/>
        <line num="212" count="1" type="stmt"/>
        <line num="215" count="2" type="stmt"/>
        <line num="216" count="2" type="stmt"/>
        <line num="218" count="3" type="stmt"/>
        <line num="220" count="4" type="stmt"/>
        <line num="223" count="9" type="cond" truecount="1" falsecount="0"/>
        <line num="224" count="8" type="stmt"/>
        <line num="229" count="5" type="cond" truecount="1" falsecount="0"/>
        <line num="230" count="5" type="cond" truecount="1" falsecount="0"/>
        <line num="231" count="2" type="stmt"/>
        <line num="232" count="2" type="stmt"/>
        <line num="235" count="5" type="stmt"/>
        <line num="239" count="7" type="stmt"/>
        <line num="243" count="6" type="stmt"/>
        <line num="247" count="17" type="cond" truecount="0" falsecount="1"/>
        <line num="249" count="17" type="stmt"/>
        <line num="250" count="17" type="stmt"/>
        <line num="251" count="292" type="stmt"/>
        <line num="253" count="17" type="stmt"/>
        <line num="257" count="14" type="cond" truecount="2" falsecount="1"/>
        <line num="259" count="14" type="stmt"/>
        <line num="260" count="14" type="stmt"/>
        <line num="261" count="14" type="cond" truecount="1" falsecount="0"/>
        <line num="262" count="14" type="stmt"/>
        <line num="263" count="14" type="stmt"/>
        <line num="264" count="14" type="stmt"/>
        <line num="265" count="14" type="stmt"/>
        <line num="266" count="14" type="stmt"/>
        <line num="267" count="14" type="stmt"/>
        <line num="268" count="14" type="stmt"/>
        <line num="269" count="14" type="stmt"/>
      </file>
      <file name="Tetromino.ts" path="/home/witchcraze/dev/tetris/src/core/Tetromino.ts">
        <metrics statements="31" coveredstatements="31" conditionals="16" coveredconditionals="16" methods="9" coveredmethods="9"/>
        <line num="1" count="4" type="stmt"/>
        <line num="9" count="245" type="stmt"/>
        <line num="10" count="245" type="stmt"/>
        <line num="11" count="245" type="stmt"/>
        <line num="12" count="245" type="stmt"/>
        <line num="13" count="245" type="stmt"/>
        <line num="17" count="245" type="cond" truecount="8" falsecount="0"/>
        <line num="19" count="80" type="stmt"/>
        <line num="21" count="44" type="stmt"/>
        <line num="23" count="46" type="stmt"/>
        <line num="25" count="44" type="stmt"/>
        <line num="27" count="13" type="stmt"/>
        <line num="29" count="8" type="stmt"/>
        <line num="31" count="9" type="stmt"/>
        <line num="33" count="1" type="stmt"/>
        <line num="38" count="85" type="cond" truecount="2" falsecount="0"/>
        <line num="42" count="9" type="stmt"/>
        <line num="43" count="9" type="stmt"/>
        <line num="47" count="10" type="cond" truecount="2" falsecount="0"/>
        <line num="49" count="4" type="cond" truecount="4" falsecount="0"/>
        <line num="50" count="3" type="stmt"/>
        <line num="57" count="1" type="stmt"/>
        <line num="65" count="6" type="stmt"/>
        <line num="66" count="17" type="stmt"/>
        <line num="68" count="6" type="stmt"/>
        <line num="69" count="17" type="stmt"/>
        <line num="70" count="49" type="stmt"/>
        <line num="73" count="6" type="stmt"/>
        <line num="78" count="428" type="stmt"/>
        <line num="82" count="2" type="stmt"/>
        <line num="86" count="44" type="stmt"/>
      </file>
    </package>
    <package name="graphics">
      <metrics statements="100" coveredstatements="98" conditionals="22" coveredconditionals="20" methods="19" coveredmethods="16"/>
      <file name="Renderer.ts" path="/home/witchcraze/dev/tetris/src/graphics/Renderer.ts">
        <metrics statements="100" coveredstatements="98" conditionals="22" coveredconditionals="20" methods="19" coveredmethods="16"/>
        <line num="4" count="1" type="stmt"/>
        <line num="12" count="14" type="stmt"/>
        <line num="13" count="14" type="stmt"/>
        <line num="14" count="14" type="stmt"/>
        <line num="15" count="14" type="stmt"/>
        <line num="18" count="14" type="stmt"/>
        <line num="19" count="14" type="stmt"/>
        <line num="20" count="14" type="stmt"/>
        <line num="21" count="14" type="stmt"/>
        <line num="22" count="14" type="stmt"/>
        <line num="23" count="14" type="stmt"/>
        <line num="24" count="14" type="stmt"/>
        <line num="28" count="2" type="cond" truecount="2" falsecount="0"/>
        <line num="29" count="1" type="stmt"/>
        <line num="30" count="1" type="stmt"/>
        <line num="31" count="1" type="stmt"/>
        <line num="35" count="1" type="stmt"/>
        <line num="40" count="1" type="cond" truecount="1" falsecount="0"/>
        <line num="41" count="1" type="stmt"/>
        <line num="46" count="4" type="stmt"/>
        <line num="47" count="4" type="stmt"/>
        <line num="49" count="4" type="stmt"/>
        <line num="50" count="80" type="stmt"/>
        <line num="52" count="800" type="cond" truecount="4" falsecount="0"/>
        <line num="53" count="20" type="stmt"/>
        <line num="54" count="20" type="cond" truecount="1" falsecount="1"/>
        <line num="56" count="20" type="cond" truecount="2" falsecount="0"/>
        <line num="57" count="10" type="stmt"/>
        <line num="58" count="10" type="stmt"/>
        <line num="61" count="10" type="cond" truecount="2" falsecount="0"/>
        <line num="62" count="1" type="stmt"/>
        <line num="63" count="1" type="stmt"/>
        <line num="65" count="9" type="stmt"/>
        <line num="70" count="0" type="stmt"/>
        <line num="71" count="0" type="stmt"/>
        <line num="75" count="780" type="cond" truecount="2" falsecount="0"/>
        <line num="76" count="2" type="stmt"/>
        <line num="77" count="2" type="stmt"/>
        <line num="79" count="778" type="stmt"/>
        <line num="87" count="1" type="stmt"/>
        <line num="88" count="1" type="stmt"/>
        <line num="90" count="1" type="stmt"/>
        <line num="91" count="1" type="stmt"/>
        <line num="92" count="4" type="stmt"/>
        <line num="93" count="16" type="cond" truecount="1" falsecount="0"/>
        <line num="94" count="4" type="stmt"/>
        <line num="106" count="1" type="stmt"/>
        <line num="107" count="1" type="stmt"/>
        <line num="111" count="1" type="stmt"/>
        <line num="115" count="1" type="stmt"/>
        <line num="119" count="1" type="stmt"/>
        <line num="120" count="1" type="stmt"/>
        <line num="121" count="1" type="stmt"/>
        <line num="122" count="1" type="stmt"/>
        <line num="123" count="1" type="stmt"/>
        <line num="124" count="1" type="stmt"/>
        <line num="128" count="1" type="stmt"/>
        <line num="129" count="1" type="stmt"/>
        <line num="130" count="1" type="stmt"/>
        <line num="131" count="2" type="stmt"/>
        <line num="132" count="2" type="stmt"/>
        <line num="134" count="2" type="stmt"/>
        <line num="135" count="2" type="stmt"/>
        <line num="136" count="7" type="stmt"/>
        <line num="137" count="25" type="cond" truecount="1" falsecount="0"/>
        <line num="138" count="8" type="stmt"/>
        <line num="147" count="2" type="stmt"/>
        <line num="152" count="1" type="stmt"/>
        <line num="153" count="1" type="stmt"/>
        <line num="154" count="1" type="stmt"/>
        <line num="156" count="1" type="stmt"/>
        <line num="157" count="1" type="stmt"/>
        <line num="158" count="2" type="stmt"/>
        <line num="159" count="4" type="cond" truecount="1" falsecount="0"/>
        <line num="160" count="4" type="stmt"/>
        <line num="184" count="1" type="stmt"/>
        <line num="185" count="1" type="stmt"/>
        <line num="187" count="1" type="stmt"/>
        <line num="188" count="1" type="stmt"/>
        <line num="189" count="4" type="stmt"/>
        <line num="190" count="16" type="cond" truecount="1" falsecount="0"/>
        <line num="191" count="4" type="stmt"/>
        <line num="203" count="2" type="stmt"/>
        <line num="204" count="2" type="stmt"/>
        <line num="208" count="3" type="stmt"/>
        <line num="212" count="2" type="cond" truecount="0" falsecount="1"/>
        <line num="214" count="2" type="stmt"/>
        <line num="215" count="2" type="stmt"/>
        <line num="216" count="2" type="stmt"/>
        <line num="218" count="2" type="cond" truecount="2" falsecount="0"/>
        <line num="219" count="1" type="stmt"/>
        <line num="220" count="1" type="stmt"/>
        <line num="221" count="1" type="stmt"/>
        <line num="223" count="1" type="stmt"/>
        <line num="224" count="1" type="stmt"/>
        <line num="225" count="1" type="stmt"/>
        <line num="226" count="1" type="stmt"/>
        <line num="227" count="1" type="stmt"/>
        <line num="228" count="1" type="stmt"/>
        <line num="230" count="1" type="stmt"/>
      </file>
    </package>
    <package name="utils">
      <metrics statements="11" coveredstatements="11" conditionals="0" coveredconditionals="0" methods="3" coveredmethods="3"/>
      <file name="LocalStorageManager.ts" path="/home/witchcraze/dev/tetris/src/utils/LocalStorageManager.ts">
        <metrics statements="11" coveredstatements="11" conditionals="0" coveredconditionals="0" methods="3" coveredmethods="3"/>
        <line num="1" count="2" type="stmt"/>
        <line num="3" count="4" type="stmt"/>
        <line num="4" count="4" type="stmt"/>
        <line num="6" count="1" type="stmt"/>
        <line num="11" count="41" type="stmt"/>
        <line num="12" count="41" type="stmt"/>
        <line num="14" count="1" type="stmt"/>
        <line num="15" count="1" type="stmt"/>
        <line num="20" count="2" type="stmt"/>
        <line num="21" count="2" type="stmt"/>
        <line num="23" count="1" type="stmt"/>
      </file>
    </package>
  </project>
</coverage>
