{"/home/witchcraze/dev/tetris/src/core/Board.ts": {"path":"/home/witchcraze/dev/tetris/src/core/Board.ts","statementMap":{"0":{"start":{"line":9,"column":4},"end":{"line":9,"column":23}},"1":{"start":{"line":10,"column":4},"end":{"line":10,"column":25}},"2":{"start":{"line":11,"column":4},"end":{"line":11,"column":76}},"3":{"start":{"line":11,"column":51},"end":{"line":11,"column":74}},"4":{"start":{"line":15,"column":18},"end":{"line":15,"column":38}},"5":{"start":{"line":16,"column":4},"end":{"line":32,"column":5}},"6":{"start":{"line":16,"column":17},"end":{"line":16,"column":18}},"7":{"start":{"line":17,"column":6},"end":{"line":31,"column":7}},"8":{"start":{"line":17,"column":19},"end":{"line":17,"column":20}},"9":{"start":{"line":18,"column":8},"end":{"line":30,"column":9}},"10":{"start":{"line":19,"column":25},"end":{"line":19,"column":33}},"11":{"start":{"line":20,"column":25},"end":{"line":20,"column":33}},"12":{"start":{"line":23,"column":10},"end":{"line":25,"column":11}},"13":{"start":{"line":24,"column":12},"end":{"line":24,"column":24}},"14":{"start":{"line":27,"column":10},"end":{"line":29,"column":11}},"15":{"start":{"line":28,"column":12},"end":{"line":28,"column":24}},"16":{"start":{"line":33,"column":4},"end":{"line":33,"column":17}},"17":{"start":{"line":37,"column":18},"end":{"line":37,"column":38}},"18":{"start":{"line":38,"column":4},"end":{"line":44,"column":5}},"19":{"start":{"line":38,"column":17},"end":{"line":38,"column":18}},"20":{"start":{"line":39,"column":6},"end":{"line":43,"column":7}},"21":{"start":{"line":39,"column":19},"end":{"line":39,"column":20}},"22":{"start":{"line":40,"column":8},"end":{"line":42,"column":9}},"23":{"start":{"line":41,"column":10},"end":{"line":41,"column":81}},"24":{"start":{"line":48,"column":4},"end":{"line":48,"column":86}},"25":{"start":{"line":48,"column":56},"end":{"line":48,"column":84}},"26":{"start":{"line":52,"column":23},"end":{"line":52,"column":24}},"27":{"start":{"line":53,"column":4},"end":{"line":61,"column":5}},"28":{"start":{"line":53,"column":17},"end":{"line":53,"column":32}},"29":{"start":{"line":54,"column":6},"end":{"line":60,"column":7}},"30":{"start":{"line":54,"column":37},"end":{"line":54,"column":50}},"31":{"start":{"line":56,"column":8},"end":{"line":56,"column":31}},"32":{"start":{"line":57,"column":8},"end":{"line":57,"column":56}},"33":{"start":{"line":58,"column":8},"end":{"line":58,"column":23}},"34":{"start":{"line":59,"column":8},"end":{"line":59,"column":12}},"35":{"start":{"line":62,"column":4},"end":{"line":62,"column":24}},"36":{"start":{"line":3,"column":0},"end":{"line":3,"column":13}}},"fnMap":{"0":{"name":"(anonymous_0)","decl":{"start":{"line":8,"column":2},"end":{"line":8,"column":14}},"loc":{"start":{"line":8,"column":43},"end":{"line":12,"column":3}}},"1":{"name":"(anonymous_1)","decl":{"start":{"line":11,"column":45},"end":{"line":11,"column":48}},"loc":{"start":{"line":11,"column":51},"end":{"line":11,"column":74}}},"2":{"name":"(anonymous_2)","decl":{"start":{"line":14,"column":2},"end":{"line":14,"column":16}},"loc":{"start":{"line":14,"column":65},"end":{"line":34,"column":3}}},"3":{"name":"(anonymous_3)","decl":{"start":{"line":36,"column":2},"end":{"line":36,"column":16}},"loc":{"start":{"line":36,"column":37},"end":{"line":45,"column":3}}},"4":{"name":"(anonymous_4)","decl":{"start":{"line":47,"column":2},"end":{"line":47,"column":7}},"loc":{"start":{"line":47,"column":7},"end":{"line":49,"column":3}}},"5":{"name":"(anonymous_5)","decl":{"start":{"line":48,"column":50},"end":{"line":48,"column":53}},"loc":{"start":{"line":48,"column":56},"end":{"line":48,"column":84}}},"6":{"name":"(anonymous_6)","decl":{"start":{"line":51,"column":2},"end":{"line":51,"column":12}},"loc":{"start":{"line":51,"column":12},"end":{"line":63,"column":3}}},"7":{"name":"(anonymous_7)","decl":{"start":{"line":54,"column":29},"end":{"line":54,"column":33}},"loc":{"start":{"line":54,"column":37},"end":{"line":54,"column":50}}}},"branchMap":{"0":{"loc":{"start":{"line":18,"column":8},"end":{"line":30,"column":9}},"type":"if","locations":[{"start":{"line":18,"column":8},"end":{"line":30,"column":9}}]},"1":{"loc":{"start":{"line":23,"column":10},"end":{"line":25,"column":11}},"type":"if","locations":[{"start":{"line":23,"column":10},"end":{"line":25,"column":11}}]},"2":{"loc":{"start":{"line":23,"column":14},"end":{"line":23,"column":73}},"type":"binary-expr","locations":[{"start":{"line":23,"column":14},"end":{"line":23,"column":24}},{"start":{"line":23,"column":28},"end":{"line":23,"column":48}},{"start":{"line":23,"column":52},"end":{"line":23,"column":73}}]},"3":{"loc":{"start":{"line":27,"column":10},"end":{"line":29,"column":11}},"type":"if","locations":[{"start":{"line":27,"column":10},"end":{"line":29,"column":11}}]},"4":{"loc":{"start":{"line":27,"column":14},"end":{"line":27,"column":63}},"type":"binary-expr","locations":[{"start":{"line":27,"column":14},"end":{"line":27,"column":25}},{"start":{"line":27,"column":29},"end":{"line":27,"column":63}}]},"5":{"loc":{"start":{"line":40,"column":8},"end":{"line":42,"column":9}},"type":"if","locations":[{"start":{"line":40,"column":8},"end":{"line":42,"column":9}}]},"6":{"loc":{"start":{"line":54,"column":6},"end":{"line":60,"column":7}},"type":"if","locations":[{"start":{"line":54,"column":6},"end":{"line":60,"column":7}}]}},"s":{"0":46,"1":46,"2":46,"3":920,"4":383,"5":383,"6":383,"7":1453,"8":1453,"9":5660,"10":1459,"11":1459,"12":1459,"13":8,"14":1451,"15":17,"16":358,"17":19,"18":19,"19":19,"20":76,"21":76,"22":304,"23":76,"24":38,"25":760,"26":19,"27":19,"28":19,"29":404,"30":676,"31":24,"32":24,"33":24,"34":24,"35":19,"36":3},"f":{"0":46,"1":920,"2":383,"3":19,"4":38,"5":760,"6":19,"7":676},"b":{"0":[1459],"1":[8],"2":[1459,1458,1457],"3":[17],"4":[1451,1451],"5":[76],"6":[24]}}
,"/home/witchcraze/dev/tetris/src/core/Game.ts": {"path":"/home/witchcraze/dev/tetris/src/core/Game.ts","statementMap":{"0":{"start":{"line":1,"column":0},"end":{"line":1,"column":32}},"1":{"start":{"line":2,"column":0},"end":{"line":2,"column":40}},"2":{"start":{"line":3,"column":0},"end":{"line":3,"column":67}},"3":{"start":{"line":7,"column":9},"end":{"line":7,"column":51}},"4":{"start":{"line":8,"column":9},"end":{"line":8,"column":42}},"5":{"start":{"line":9,"column":9},"end":{"line":9,"column":48}},"6":{"start":{"line":10,"column":10},"end":{"line":10,"column":34}},"7":{"start":{"line":11,"column":10},"end":{"line":11,"column":28}},"8":{"start":{"line":12,"column":10},"end":{"line":12,"column":32}},"9":{"start":{"line":13,"column":10},"end":{"line":13,"column":28}},"10":{"start":{"line":14,"column":10},"end":{"line":14,"column":36}},"11":{"start":{"line":16,"column":10},"end":{"line":16,"column":63}},"12":{"start":{"line":17,"column":10},"end":{"line":17,"column":71}},"13":{"start":{"line":18,"column":10},"end":{"line":18,"column":69}},"14":{"start":{"line":19,"column":10},"end":{"line":27,"column":4}},"15":{"start":{"line":35,"column":4},"end":{"line":35,"column":52}},"16":{"start":{"line":36,"column":4},"end":{"line":38,"column":5}},"17":{"start":{"line":37,"column":6},"end":{"line":37,"column":45}},"18":{"start":{"line":39,"column":4},"end":{"line":41,"column":5}},"19":{"start":{"line":40,"column":6},"end":{"line":40,"column":41}},"20":{"start":{"line":47,"column":4},"end":{"line":83,"column":5}},"21":{"start":{"line":49,"column":8},"end":{"line":57,"column":10}},"22":{"start":{"line":58,"column":8},"end":{"line":58,"column":14}},"23":{"start":{"line":60,"column":8},"end":{"line":68,"column":10}},"24":{"start":{"line":69,"column":8},"end":{"line":69,"column":14}},"25":{"start":{"line":73,"column":8},"end":{"line":81,"column":10}},"26":{"start":{"line":82,"column":8},"end":{"line":82,"column":14}},"27":{"start":{"line":85,"column":4},"end":{"line":87,"column":5}},"28":{"start":{"line":86,"column":6},"end":{"line":86,"column":145}},"29":{"start":{"line":88,"column":4},"end":{"line":88,"column":111}},"30":{"start":{"line":88,"column":55},"end":{"line":88,"column":109}},"31":{"start":{"line":89,"column":4},"end":{"line":91,"column":5}},"32":{"start":{"line":90,"column":6},"end":{"line":90,"column":133}},"33":{"start":{"line":95,"column":4},"end":{"line":95,"column":26}},"34":{"start":{"line":96,"column":4},"end":{"line":96,"column":19}},"35":{"start":{"line":97,"column":4},"end":{"line":97,"column":19}},"36":{"start":{"line":98,"column":4},"end":{"line":98,"column":80}},"37":{"start":{"line":99,"column":4},"end":{"line":99,"column":23}},"38":{"start":{"line":100,"column":4},"end":{"line":100,"column":30}},"39":{"start":{"line":101,"column":4},"end":{"line":101,"column":24}},"40":{"start":{"line":102,"column":4},"end":{"line":102,"column":29}},"41":{"start":{"line":103,"column":4},"end":{"line":105,"column":5}},"42":{"start":{"line":103,"column":17},"end":{"line":103,"column":18}},"43":{"start":{"line":104,"column":6},"end":{"line":104,"column":63}},"44":{"start":{"line":106,"column":4},"end":{"line":106,"column":26}},"45":{"start":{"line":110,"column":4},"end":{"line":110,"column":30}},"46":{"start":{"line":110,"column":23},"end":{"line":110,"column":30}},"47":{"start":{"line":112,"column":4},"end":{"line":126,"column":5}},"48":{"start":{"line":113,"column":19},"end":{"line":113,"column":46}},"49":{"start":{"line":114,"column":6},"end":{"line":125,"column":7}},"50":{"start":{"line":115,"column":8},"end":{"line":115,"column":41}},"51":{"start":{"line":117,"column":8},"end":{"line":117,"column":57}},"52":{"start":{"line":118,"column":29},"end":{"line":118,"column":52}},"53":{"start":{"line":119,"column":8},"end":{"line":121,"column":9}},"54":{"start":{"line":120,"column":10},"end":{"line":120,"column":49}},"55":{"start":{"line":122,"column":8},"end":{"line":122,"column":58}},"56":{"start":{"line":123,"column":8},"end":{"line":123,"column":28}},"57":{"start":{"line":124,"column":8},"end":{"line":124,"column":30}},"58":{"start":{"line":130,"column":4},"end":{"line":141,"column":5}},"59":{"start":{"line":132,"column":8},"end":{"line":132,"column":19}},"60":{"start":{"line":134,"column":8},"end":{"line":134,"column":19}},"61":{"start":{"line":136,"column":8},"end":{"line":136,"column":19}},"62":{"start":{"line":138,"column":8},"end":{"line":138,"column":19}},"63":{"start":{"line":140,"column":8},"end":{"line":140,"column":17}},"64":{"start":{"line":145,"column":21},"end":{"line":145,"column":54}},"65":{"start":{"line":146,"column":4},"end":{"line":151,"column":5}},"66":{"start":{"line":147,"column":6},"end":{"line":147,"column":28}},"67":{"start":{"line":148,"column":6},"end":{"line":150,"column":7}},"68":{"start":{"line":149,"column":8},"end":{"line":149,"column":43}},"69":{"start":{"line":155,"column":4},"end":{"line":155,"column":22}},"70":{"start":{"line":161,"column":4},"end":{"line":161,"column":53}},"71":{"start":{"line":165,"column":4},"end":{"line":165,"column":64}},"72":{"start":{"line":166,"column":4},"end":{"line":166,"column":61}},"73":{"start":{"line":168,"column":4},"end":{"line":170,"column":5}},"74":{"start":{"line":169,"column":6},"end":{"line":169,"column":27}},"75":{"start":{"line":171,"column":4},"end":{"line":171,"column":24}},"76":{"start":{"line":175,"column":23},"end":{"line":175,"column":98}},"77":{"start":{"line":176,"column":4},"end":{"line":176,"column":96}},"78":{"start":{"line":180,"column":4},"end":{"line":180,"column":56}},"79":{"start":{"line":180,"column":49},"end":{"line":180,"column":56}},"80":{"start":{"line":182,"column":15},"end":{"line":182,"column":38}},"81":{"start":{"line":183,"column":15},"end":{"line":183,"column":38}},"82":{"start":{"line":185,"column":4},"end":{"line":221,"column":5}},"83":{"start":{"line":187,"column":8},"end":{"line":187,"column":15}},"84":{"start":{"line":188,"column":8},"end":{"line":188,"column":14}},"85":{"start":{"line":190,"column":8},"end":{"line":190,"column":15}},"86":{"start":{"line":191,"column":8},"end":{"line":191,"column":14}},"87":{"start":{"line":193,"column":8},"end":{"line":193,"column":15}},"88":{"start":{"line":194,"column":8},"end":{"line":194,"column":14}},"89":{"start":{"line":197,"column":30},"end":{"line":197,"column":62}},"90":{"start":{"line":198,"column":8},"end":{"line":198,"column":39}},"91":{"start":{"line":199,"column":8},"end":{"line":202,"column":9}},"92":{"start":{"line":201,"column":10},"end":{"line":201,"column":56}},"93":{"start":{"line":203,"column":8},"end":{"line":203,"column":14}},"94":{"start":{"line":205,"column":8},"end":{"line":219,"column":9}},"95":{"start":{"line":206,"column":10},"end":{"line":217,"column":11}},"96":{"start":{"line":208,"column":25},"end":{"line":208,"column":46}},"97":{"start":{"line":209,"column":12},"end":{"line":209,"column":55}},"98":{"start":{"line":210,"column":12},"end":{"line":210,"column":38}},"99":{"start":{"line":211,"column":12},"end":{"line":211,"column":75}},"100":{"start":{"line":212,"column":12},"end":{"line":212,"column":40}},"101":{"start":{"line":215,"column":12},"end":{"line":215,"column":55}},"102":{"start":{"line":216,"column":12},"end":{"line":216,"column":34}},"103":{"start":{"line":218,"column":10},"end":{"line":218,"column":31}},"104":{"start":{"line":220,"column":8},"end":{"line":220,"column":14}},"105":{"start":{"line":223,"column":4},"end":{"line":225,"column":5}},"106":{"start":{"line":224,"column":6},"end":{"line":224,"column":97}},"107":{"start":{"line":229,"column":4},"end":{"line":234,"column":5}},"108":{"start":{"line":230,"column":6},"end":{"line":233,"column":7}},"109":{"start":{"line":231,"column":8},"end":{"line":231,"column":36}},"110":{"start":{"line":232,"column":8},"end":{"line":232,"column":77}},"111":{"start":{"line":235,"column":4},"end":{"line":235,"column":25}},"112":{"start":{"line":239,"column":4},"end":{"line":239,"column":22}},"113":{"start":{"line":243,"column":4},"end":{"line":243,"column":26}},"114":{"start":{"line":247,"column":4},"end":{"line":247,"column":44}},"115":{"start":{"line":247,"column":32},"end":{"line":247,"column":44}},"116":{"start":{"line":249,"column":17},"end":{"line":249,"column":40}},"117":{"start":{"line":250,"column":4},"end":{"line":252,"column":5}},"118":{"start":{"line":251,"column":6},"end":{"line":251,"column":15}},"119":{"start":{"line":253,"column":4},"end":{"line":253,"column":53}},"120":{"start":{"line":257,"column":4},"end":{"line":257,"column":56}},"121":{"start":{"line":257,"column":49},"end":{"line":257,"column":56}},"122":{"start":{"line":259,"column":21},"end":{"line":259,"column":44}},"123":{"start":{"line":260,"column":26},"end":{"line":260,"column":58}},"124":{"start":{"line":261,"column":4},"end":{"line":270,"column":5}},"125":{"start":{"line":262,"column":6},"end":{"line":262,"column":48}},"126":{"start":{"line":263,"column":30},"end":{"line":263,"column":64}},"127":{"start":{"line":264,"column":6},"end":{"line":264,"column":40}},"128":{"start":{"line":265,"column":6},"end":{"line":265,"column":55}},"129":{"start":{"line":266,"column":27},"end":{"line":266,"column":50}},"130":{"start":{"line":267,"column":6},"end":{"line":267,"column":56}},"131":{"start":{"line":268,"column":6},"end":{"line":268,"column":26}},"132":{"start":{"line":269,"column":6},"end":{"line":269,"column":28}},"133":{"start":{"line":5,"column":0},"end":{"line":5,"column":13}}},"fnMap":{"0":{"name":"(anonymous_0)","decl":{"start":{"line":29,"column":2},"end":{"line":29,"column":null}},"loc":{"start":{"line":33,"column":39},"end":{"line":42,"column":3}}},"1":{"name":"(anonymous_1)","decl":{"start":{"line":44,"column":9},"end":{"line":44,"column":25}},"loc":{"start":{"line":44,"column":42},"end":{"line":92,"column":3}}},"2":{"name":"(anonymous_2)","decl":{"start":{"line":88,"column":50},"end":{"line":88,"column":51}},"loc":{"start":{"line":88,"column":55},"end":{"line":88,"column":109}}},"3":{"name":"(anonymous_3)","decl":{"start":{"line":94,"column":2},"end":{"line":94,"column":7}},"loc":{"start":{"line":94,"column":7},"end":{"line":107,"column":3}}},"4":{"name":"(anonymous_4)","decl":{"start":{"line":109,"column":2},"end":{"line":109,"column":8}},"loc":{"start":{"line":109,"column":8},"end":{"line":127,"column":3}}},"5":{"name":"(anonymous_5)","decl":{"start":{"line":129,"column":10},"end":{"line":129,"column":26}},"loc":{"start":{"line":129,"column":40},"end":{"line":142,"column":3}}},"6":{"name":"(anonymous_6)","decl":{"start":{"line":144,"column":10},"end":{"line":144,"column":22}},"loc":{"start":{"line":144,"column":22},"end":{"line":152,"column":3}}},"7":{"name":"(anonymous_7)","decl":{"start":{"line":154,"column":9},"end":{"line":154,"column":17}},"loc":{"start":{"line":154,"column":17},"end":{"line":156,"column":3}}},"8":{"name":"(anonymous_8)","decl":{"start":{"line":158,"column":9},"end":{"line":158,"column":21}},"loc":{"start":{"line":158,"column":21},"end":{"line":162,"column":3}}},"9":{"name":"(anonymous_9)","decl":{"start":{"line":164,"column":2},"end":{"line":164,"column":16}},"loc":{"start":{"line":164,"column":16},"end":{"line":172,"column":3}}},"10":{"name":"(anonymous_10)","decl":{"start":{"line":174,"column":10},"end":{"line":174,"column":33}},"loc":{"start":{"line":174,"column":33},"end":{"line":177,"column":3}}},"11":{"name":"(anonymous_11)","decl":{"start":{"line":179,"column":2},"end":{"line":179,"column":13}},"loc":{"start":{"line":179,"column":25},"end":{"line":226,"column":3}}},"12":{"name":"(anonymous_12)","decl":{"start":{"line":228,"column":9},"end":{"line":228,"column":19}},"loc":{"start":{"line":228,"column":19},"end":{"line":236,"column":3}}},"13":{"name":"(anonymous_13)","decl":{"start":{"line":238,"column":9},"end":{"line":238,"column":17}},"loc":{"start":{"line":238,"column":17},"end":{"line":240,"column":3}}},"14":{"name":"(anonymous_14)","decl":{"start":{"line":242,"column":9},"end":{"line":242,"column":21}},"loc":{"start":{"line":242,"column":21},"end":{"line":244,"column":3}}},"15":{"name":"(anonymous_15)","decl":{"start":{"line":246,"column":9},"end":{"line":246,"column":34}},"loc":{"start":{"line":246,"column":34},"end":{"line":254,"column":3}}},"16":{"name":"(anonymous_16)","decl":{"start":{"line":256,"column":9},"end":{"line":256,"column":17}},"loc":{"start":{"line":256,"column":17},"end":{"line":271,"column":3}}}},"branchMap":{"0":{"loc":{"start":{"line":36,"column":4},"end":{"line":38,"column":5}},"type":"if","locations":[{"start":{"line":36,"column":4},"end":{"line":38,"column":5}}]},"1":{"loc":{"start":{"line":39,"column":4},"end":{"line":41,"column":5}},"type":"if","locations":[{"start":{"line":39,"column":4},"end":{"line":41,"column":5}}]},"2":{"loc":{"start":{"line":47,"column":4},"end":{"line":83,"column":5}},"type":"switch","locations":[{"start":{"line":48,"column":6},"end":{"line":58,"column":14}},{"start":{"line":59,"column":6},"end":{"line":69,"column":14}},{"start":{"line":71,"column":6},"end":{"line":82,"column":14}}]},"3":{"loc":{"start":{"line":85,"column":4},"end":{"line":87,"column":5}},"type":"if","locations":[{"start":{"line":85,"column":4},"end":{"line":87,"column":5}}]},"4":{"loc":{"start":{"line":89,"column":4},"end":{"line":91,"column":5}},"type":"if","locations":[{"start":{"line":89,"column":4},"end":{"line":91,"column":5}}]},"5":{"loc":{"start":{"line":98,"column":30},"end":{"line":98,"column":78}},"type":"binary-expr","locations":[{"start":{"line":98,"column":30},"end":{"line":98,"column":71}},{"start":{"line":98,"column":75},"end":{"line":98,"column":78}}]},"6":{"loc":{"start":{"line":110,"column":4},"end":{"line":110,"column":30}},"type":"if","locations":[{"start":{"line":110,"column":4},"end":{"line":110,"column":30}}]},"7":{"loc":{"start":{"line":112,"column":4},"end":{"line":126,"column":5}},"type":"if","locations":[{"start":{"line":112,"column":4},"end":{"line":126,"column":5}}]},"8":{"loc":{"start":{"line":114,"column":6},"end":{"line":125,"column":7}},"type":"if","locations":[{"start":{"line":114,"column":6},"end":{"line":125,"column":7}},{"start":{"line":116,"column":13},"end":{"line":125,"column":7}}]},"9":{"loc":{"start":{"line":119,"column":8},"end":{"line":121,"column":9}},"type":"if","locations":[{"start":{"line":119,"column":8},"end":{"line":121,"column":9}}]},"10":{"loc":{"start":{"line":119,"column":12},"end":{"line":119,"column":56}},"type":"binary-expr","locations":[{"start":{"line":119,"column":12},"end":{"line":119,"column":28}},{"start":{"line":119,"column":32},"end":{"line":119,"column":56}}]},"11":{"loc":{"start":{"line":130,"column":4},"end":{"line":141,"column":5}},"type":"switch","locations":[{"start":{"line":131,"column":6},"end":{"line":132,"column":19}},{"start":{"line":133,"column":6},"end":{"line":134,"column":19}},{"start":{"line":135,"column":6},"end":{"line":136,"column":19}},{"start":{"line":137,"column":6},"end":{"line":138,"column":19}},{"start":{"line":139,"column":6},"end":{"line":140,"column":17}}]},"12":{"loc":{"start":{"line":146,"column":4},"end":{"line":151,"column":5}},"type":"if","locations":[{"start":{"line":146,"column":4},"end":{"line":151,"column":5}}]},"13":{"loc":{"start":{"line":148,"column":6},"end":{"line":150,"column":7}},"type":"if","locations":[{"start":{"line":148,"column":6},"end":{"line":150,"column":7}}]},"14":{"loc":{"start":{"line":165,"column":28},"end":{"line":165,"column":63}},"type":"binary-expr","locations":[{"start":{"line":165,"column":28},"end":{"line":165,"column":55}},{"start":{"line":165,"column":59},"end":{"line":165,"column":63}}]},"15":{"loc":{"start":{"line":168,"column":4},"end":{"line":170,"column":5}},"type":"if","locations":[{"start":{"line":168,"column":4},"end":{"line":170,"column":5}}]},"16":{"loc":{"start":{"line":168,"column":8},"end":{"line":168,"column":131}},"type":"binary-expr","locations":[{"start":{"line":168,"column":8},"end":{"line":168,"column":29}},{"start":{"line":168,"column":33},"end":{"line":168,"column":131}}]},"17":{"loc":{"start":{"line":180,"column":4},"end":{"line":180,"column":56}},"type":"if","locations":[{"start":{"line":180,"column":4},"end":{"line":180,"column":56}}]},"18":{"loc":{"start":{"line":180,"column":8},"end":{"line":180,"column":47}},"type":"binary-expr","locations":[{"start":{"line":180,"column":8},"end":{"line":180,"column":21}},{"start":{"line":180,"column":25},"end":{"line":180,"column":47}}]},"19":{"loc":{"start":{"line":185,"column":4},"end":{"line":221,"column":5}},"type":"switch","locations":[{"start":{"line":186,"column":6},"end":{"line":188,"column":14}},{"start":{"line":189,"column":6},"end":{"line":191,"column":14}},{"start":{"line":192,"column":6},"end":{"line":194,"column":14}},{"start":{"line":195,"column":6},"end":{"line":203,"column":14}},{"start":{"line":204,"column":6},"end":{"line":220,"column":14}}]},"20":{"loc":{"start":{"line":199,"column":8},"end":{"line":202,"column":9}},"type":"if","locations":[{"start":{"line":199,"column":8},"end":{"line":202,"column":9}}]},"21":{"loc":{"start":{"line":205,"column":8},"end":{"line":219,"column":9}},"type":"if","locations":[{"start":{"line":205,"column":8},"end":{"line":219,"column":9}}]},"22":{"loc":{"start":{"line":206,"column":10},"end":{"line":217,"column":11}},"type":"if","locations":[{"start":{"line":206,"column":10},"end":{"line":217,"column":11}},{"start":{"line":213,"column":17},"end":{"line":217,"column":11}}]},"23":{"loc":{"start":{"line":223,"column":4},"end":{"line":225,"column":5}},"type":"if","locations":[{"start":{"line":223,"column":4},"end":{"line":225,"column":5}}]},"24":{"loc":{"start":{"line":229,"column":4},"end":{"line":234,"column":5}},"type":"if","locations":[{"start":{"line":229,"column":4},"end":{"line":234,"column":5}}]},"25":{"loc":{"start":{"line":230,"column":6},"end":{"line":233,"column":7}},"type":"if","locations":[{"start":{"line":230,"column":6},"end":{"line":233,"column":7}}]},"26":{"loc":{"start":{"line":247,"column":4},"end":{"line":247,"column":44}},"type":"if","locations":[{"start":{"line":247,"column":4},"end":{"line":247,"column":44}}]},"27":{"loc":{"start":{"line":257,"column":4},"end":{"line":257,"column":56}},"type":"if","locations":[{"start":{"line":257,"column":4},"end":{"line":257,"column":56}}]},"28":{"loc":{"start":{"line":257,"column":8},"end":{"line":257,"column":47}},"type":"binary-expr","locations":[{"start":{"line":257,"column":8},"end":{"line":257,"column":21}},{"start":{"line":257,"column":25},"end":{"line":257,"column":47}}]},"29":{"loc":{"start":{"line":261,"column":4},"end":{"line":270,"column":5}},"type":"if","locations":[{"start":{"line":261,"column":4},"end":{"line":270,"column":5}}]}},"s":{"0":1,"1":1,"2":1,"3":38,"4":38,"5":38,"6":38,"7":38,"8":38,"9":38,"10":38,"11":38,"12":38,"13":38,"14":38,"15":38,"16":38,"17":1,"18":38,"19":1,"20":4,"21":1,"22":1,"23":1,"24":1,"25":2,"26":2,"27":4,"28":4,"29":4,"30":10,"31":4,"32":1,"33":38,"34":38,"35":38,"36":38,"37":38,"38":38,"39":38,"40":38,"41":38,"42":38,"43":114,"44":38,"45":1,"46":0,"47":1,"48":1,"49":1,"50":0,"51":1,"52":1,"53":1,"54":1,"55":1,"56":1,"57":1,"58":19,"59":15,"60":1,"61":1,"62":1,"63":1,"64":15,"65":15,"66":3,"67":3,"68":1,"69":4,"70":4,"71":57,"72":57,"73":57,"74":1,"75":57,"76":35,"77":35,"78":9,"79":0,"80":9,"81":9,"82":9,"83":1,"84":1,"85":1,"86":1,"87":1,"88":1,"89":2,"90":2,"91":2,"92":1,"93":2,"94":4,"95":3,"96":1,"97":1,"98":1,"99":1,"100":1,"101":2,"102":2,"103":3,"104":4,"105":9,"106":8,"107":5,"108":5,"109":2,"110":2,"111":5,"112":7,"113":6,"114":17,"115":0,"116":17,"117":17,"118":292,"119":17,"120":14,"121":0,"122":14,"123":14,"124":14,"125":14,"126":14,"127":14,"128":14,"129":14,"130":14,"131":14,"132":14,"133":1},"f":{"0":38,"1":4,"2":10,"3":38,"4":1,"5":19,"6":15,"7":4,"8":4,"9":57,"10":35,"11":9,"12":5,"13":7,"14":6,"15":17,"16":14},"b":{"0":[1],"1":[1],"2":[1,1,2],"3":[4],"4":[1],"5":[38,34],"6":[0],"7":[1],"8":[0,1],"9":[1],"10":[1,1],"11":[15,1,1,1,1],"12":[3],"13":[1],"14":[57,0],"15":[1],"16":[57,57],"17":[0],"18":[9,9],"19":[1,1,1,2,4],"20":[1],"21":[3],"22":[1,2],"23":[8],"24":[5],"25":[2],"26":[0],"27":[0],"28":[14,14],"29":[14]}}
,"/home/witchcraze/dev/tetris/src/core/Tetromino.ts": {"path":"/home/witchcraze/dev/tetris/src/core/Tetromino.ts","statementMap":{"0":{"start":{"line":9,"column":4},"end":{"line":9,"column":15}},"1":{"start":{"line":10,"column":4},"end":{"line":10,"column":15}},"2":{"start":{"line":11,"column":4},"end":{"line":11,"column":21}},"3":{"start":{"line":12,"column":4},"end":{"line":12,"column":44}},"4":{"start":{"line":13,"column":4},"end":{"line":13,"column":21}},"5":{"start":{"line":17,"column":4},"end":{"line":34,"column":5}},"6":{"start":{"line":19,"column":8},"end":{"line":19,"column":72}},"7":{"start":{"line":21,"column":8},"end":{"line":21,"column":49}},"8":{"start":{"line":23,"column":8},"end":{"line":23,"column":49}},"9":{"start":{"line":25,"column":8},"end":{"line":25,"column":32}},"10":{"start":{"line":27,"column":8},"end":{"line":27,"column":49}},"11":{"start":{"line":29,"column":8},"end":{"line":29,"column":49}},"12":{"start":{"line":31,"column":8},"end":{"line":31,"column":49}},"13":{"start":{"line":33,"column":8},"end":{"line":33,"column":18}},"14":{"start":{"line":38,"column":4},"end":{"line":38,"column":42}},"15":{"start":{"line":42,"column":4},"end":{"line":42,"column":17}},"16":{"start":{"line":43,"column":4},"end":{"line":43,"column":17}},"17":{"start":{"line":47,"column":4},"end":{"line":74,"column":5}},"18":{"start":{"line":49,"column":6},"end":{"line":63,"column":7}},"19":{"start":{"line":50,"column":8},"end":{"line":55,"column":10}},"20":{"start":{"line":57,"column":8},"end":{"line":62,"column":10}},"21":{"start":{"line":65,"column":16},"end":{"line":65,"column":33}},"22":{"start":{"line":66,"column":35},"end":{"line":66,"column":84}},"23":{"start":{"line":66,"column":67},"end":{"line":66,"column":83}},"24":{"start":{"line":68,"column":6},"end":{"line":72,"column":7}},"25":{"start":{"line":68,"column":19},"end":{"line":68,"column":20}},"26":{"start":{"line":69,"column":8},"end":{"line":71,"column":9}},"27":{"start":{"line":69,"column":21},"end":{"line":69,"column":22}},"28":{"start":{"line":70,"column":10},"end":{"line":70,"column":52}},"29":{"start":{"line":73,"column":6},"end":{"line":73,"column":28}},"30":{"start":{"line":78,"column":4},"end":{"line":78,"column":22}},"31":{"start":{"line":82,"column":4},"end":{"line":82,"column":26}},"32":{"start":{"line":86,"column":4},"end":{"line":86,"column":21}},"33":{"start":{"line":1,"column":0},"end":{"line":1,"column":13}}},"fnMap":{"0":{"name":"(anonymous_0)","decl":{"start":{"line":8,"column":2},"end":{"line":8,"column":14}},"loc":{"start":{"line":8,"column":81},"end":{"line":14,"column":3}}},"1":{"name":"(anonymous_1)","decl":{"start":{"line":16,"column":10},"end":{"line":16,"column":25}},"loc":{"start":{"line":16,"column":38},"end":{"line":35,"column":3}}},"2":{"name":"(anonymous_2)","decl":{"start":{"line":37,"column":2},"end":{"line":37,"column":14}},"loc":{"start":{"line":37,"column":14},"end":{"line":39,"column":3}}},"3":{"name":"(anonymous_3)","decl":{"start":{"line":41,"column":2},"end":{"line":41,"column":6}},"loc":{"start":{"line":41,"column":29},"end":{"line":44,"column":3}}},"4":{"name":"(anonymous_4)","decl":{"start":{"line":46,"column":2},"end":{"line":46,"column":8}},"loc":{"start":{"line":46,"column":8},"end":{"line":75,"column":3}}},"5":{"name":"(anonymous_5)","decl":{"start":{"line":66,"column":61},"end":{"line":66,"column":64}},"loc":{"start":{"line":66,"column":67},"end":{"line":66,"column":83}}},"6":{"name":"(anonymous_6)","decl":{"start":{"line":77,"column":2},"end":{"line":77,"column":10}},"loc":{"start":{"line":77,"column":10},"end":{"line":79,"column":3}}},"7":{"name":"(anonymous_7)","decl":{"start":{"line":81,"column":2},"end":{"line":81,"column":10}},"loc":{"start":{"line":81,"column":31},"end":{"line":83,"column":3}}},"8":{"name":"(anonymous_8)","decl":{"start":{"line":85,"column":2},"end":{"line":85,"column":9}},"loc":{"start":{"line":85,"column":9},"end":{"line":87,"column":3}}}},"branchMap":{"0":{"loc":{"start":{"line":17,"column":4},"end":{"line":34,"column":5}},"type":"switch","locations":[{"start":{"line":18,"column":6},"end":{"line":19,"column":72}},{"start":{"line":20,"column":6},"end":{"line":21,"column":49}},{"start":{"line":22,"column":6},"end":{"line":23,"column":49}},{"start":{"line":24,"column":6},"end":{"line":25,"column":32}},{"start":{"line":26,"column":6},"end":{"line":27,"column":49}},{"start":{"line":28,"column":6},"end":{"line":29,"column":49}},{"start":{"line":30,"column":6},"end":{"line":31,"column":49}},{"start":{"line":32,"column":6},"end":{"line":33,"column":18}}]},"1":{"loc":{"start":{"line":38,"column":11},"end":{"line":38,"column":41}},"type":"binary-expr","locations":[{"start":{"line":38,"column":11},"end":{"line":38,"column":31}},{"start":{"line":38,"column":35},"end":{"line":38,"column":41}}]},"2":{"loc":{"start":{"line":47,"column":4},"end":{"line":74,"column":5}},"type":"if","locations":[{"start":{"line":47,"column":4},"end":{"line":74,"column":5}},{"start":{"line":64,"column":11},"end":{"line":74,"column":5}}]},"3":{"loc":{"start":{"line":49,"column":6},"end":{"line":63,"column":7}},"type":"if","locations":[{"start":{"line":49,"column":6},"end":{"line":63,"column":7}},{"start":{"line":56,"column":13},"end":{"line":63,"column":7}}]},"4":{"loc":{"start":{"line":49,"column":10},"end":{"line":49,"column":59}},"type":"binary-expr","locations":[{"start":{"line":49,"column":10},"end":{"line":49,"column":33}},{"start":{"line":49,"column":37},"end":{"line":49,"column":59}}]}},"s":{"0":245,"1":245,"2":245,"3":245,"4":245,"5":245,"6":80,"7":44,"8":46,"9":44,"10":13,"11":8,"12":9,"13":1,"14":85,"15":9,"16":9,"17":10,"18":4,"19":3,"20":1,"21":6,"22":6,"23":17,"24":6,"25":6,"26":17,"27":17,"28":49,"29":6,"30":428,"31":2,"32":44,"33":4},"f":{"0":245,"1":245,"2":85,"3":9,"4":10,"5":17,"6":428,"7":2,"8":44},"b":{"0":[80,44,46,44,13,8,9,1],"1":[85,81],"2":[4,6],"3":[3,1],"4":[4,4]}}
,"/home/witchcraze/dev/tetris/src/graphics/Renderer.ts": {"path":"/home/witchcraze/dev/tetris/src/graphics/Renderer.ts","statementMap":{"0":{"start":{"line":12,"column":10},"end":{"line":12,"column":60}},"1":{"start":{"line":13,"column":10},"end":{"line":13,"column":49}},"2":{"start":{"line":14,"column":10},"end":{"line":14,"column":58}},"3":{"start":{"line":15,"column":10},"end":{"line":15,"column":58}},"4":{"start":{"line":18,"column":4},"end":{"line":18,"column":81}},"5":{"start":{"line":19,"column":4},"end":{"line":19,"column":53}},"6":{"start":{"line":20,"column":4},"end":{"line":20,"column":81}},"7":{"start":{"line":21,"column":4},"end":{"line":21,"column":53}},"8":{"start":{"line":22,"column":4},"end":{"line":22,"column":81}},"9":{"start":{"line":23,"column":4},"end":{"line":23,"column":53}},"10":{"start":{"line":24,"column":4},"end":{"line":24,"column":29}},"11":{"start":{"line":28,"column":4},"end":{"line":36,"column":5}},"12":{"start":{"line":29,"column":6},"end":{"line":29,"column":41}},"13":{"start":{"line":30,"column":6},"end":{"line":30,"column":42}},"14":{"start":{"line":31,"column":6},"end":{"line":33,"column":8}},"15":{"start":{"line":35,"column":6},"end":{"line":35,"column":34}},"16":{"start":{"line":40,"column":4},"end":{"line":42,"column":5}},"17":{"start":{"line":41,"column":6},"end":{"line":41,"column":104}},"18":{"start":{"line":46,"column":16},"end":{"line":46,"column":33}},"19":{"start":{"line":47,"column":30},"end":{"line":47,"column":33}},"20":{"start":{"line":49,"column":4},"end":{"line":83,"column":5}},"21":{"start":{"line":49,"column":17},"end":{"line":49,"column":18}},"22":{"start":{"line":50,"column":6},"end":{"line":82,"column":7}},"23":{"start":{"line":50,"column":19},"end":{"line":50,"column":20}},"24":{"start":{"line":52,"column":8},"end":{"line":81,"column":9}},"25":{"start":{"line":53,"column":26},"end":{"line":53,"column":64}},"26":{"start":{"line":54,"column":10},"end":{"line":72,"column":11}},"27":{"start":{"line":56,"column":12},"end":{"line":67,"column":13}},"28":{"start":{"line":57,"column":14},"end":{"line":57,"column":47}},"29":{"start":{"line":58,"column":14},"end":{"line":58,"column":104}},"30":{"start":{"line":61,"column":14},"end":{"line":66,"column":15}},"31":{"start":{"line":62,"column":16},"end":{"line":62,"column":68}},"32":{"start":{"line":63,"column":16},"end":{"line":63,"column":106}},"33":{"start":{"line":65,"column":16},"end":{"line":65,"column":107}},"34":{"start":{"line":70,"column":12},"end":{"line":70,"column":52}},"35":{"start":{"line":71,"column":12},"end":{"line":71,"column":46}},"36":{"start":{"line":75,"column":10},"end":{"line":80,"column":11}},"37":{"start":{"line":76,"column":12},"end":{"line":76,"column":64}},"38":{"start":{"line":77,"column":12},"end":{"line":77,"column":102}},"39":{"start":{"line":79,"column":12},"end":{"line":79,"column":103}},"40":{"start":{"line":87,"column":18},"end":{"line":87,"column":38}},"41":{"start":{"line":88,"column":18},"end":{"line":88,"column":42}},"42":{"start":{"line":90,"column":4},"end":{"line":90,"column":35}},"43":{"start":{"line":91,"column":4},"end":{"line":102,"column":5}},"44":{"start":{"line":91,"column":17},"end":{"line":91,"column":18}},"45":{"start":{"line":92,"column":6},"end":{"line":101,"column":7}},"46":{"start":{"line":92,"column":19},"end":{"line":92,"column":20}},"47":{"start":{"line":93,"column":8},"end":{"line":100,"column":9}},"48":{"start":{"line":94,"column":10},"end":{"line":99,"column":12}},"49":{"start":{"line":106,"column":4},"end":{"line":106,"column":80}},"50":{"start":{"line":107,"column":4},"end":{"line":107,"column":26}},"51":{"start":{"line":111,"column":4},"end":{"line":111,"column":80}},"52":{"start":{"line":115,"column":4},"end":{"line":115,"column":80}},"53":{"start":{"line":119,"column":4},"end":{"line":119,"column":50}},"54":{"start":{"line":120,"column":4},"end":{"line":120,"column":89}},"55":{"start":{"line":121,"column":4},"end":{"line":121,"column":37}},"56":{"start":{"line":122,"column":4},"end":{"line":122,"column":37}},"57":{"start":{"line":123,"column":4},"end":{"line":123,"column":38}},"58":{"start":{"line":124,"column":4},"end":{"line":124,"column":99}},"59":{"start":{"line":128,"column":4},"end":{"line":128,"column":27}},"60":{"start":{"line":129,"column":25},"end":{"line":129,"column":26}},"61":{"start":{"line":130,"column":4},"end":{"line":148,"column":5}},"62":{"start":{"line":131,"column":20},"end":{"line":131,"column":40}},"63":{"start":{"line":132,"column":20},"end":{"line":132,"column":44}},"64":{"start":{"line":134,"column":6},"end":{"line":134,"column":37}},"65":{"start":{"line":135,"column":6},"end":{"line":146,"column":7}},"66":{"start":{"line":135,"column":19},"end":{"line":135,"column":20}},"67":{"start":{"line":136,"column":8},"end":{"line":145,"column":9}},"68":{"start":{"line":136,"column":21},"end":{"line":136,"column":22}},"69":{"start":{"line":137,"column":10},"end":{"line":144,"column":11}},"70":{"start":{"line":138,"column":12},"end":{"line":143,"column":14}},"71":{"start":{"line":147,"column":6},"end":{"line":147,"column":41}},"72":{"start":{"line":152,"column":4},"end":{"line":152,"column":27}},"73":{"start":{"line":153,"column":18},"end":{"line":153,"column":38}},"74":{"start":{"line":154,"column":18},"end":{"line":154,"column":42}},"75":{"start":{"line":156,"column":4},"end":{"line":156,"column":35}},"76":{"start":{"line":157,"column":4},"end":{"line":168,"column":5}},"77":{"start":{"line":157,"column":17},"end":{"line":157,"column":18}},"78":{"start":{"line":158,"column":6},"end":{"line":167,"column":7}},"79":{"start":{"line":158,"column":19},"end":{"line":158,"column":20}},"80":{"start":{"line":159,"column":8},"end":{"line":166,"column":9}},"81":{"start":{"line":160,"column":10},"end":{"line":165,"column":12}},"82":{"start":{"line":184,"column":18},"end":{"line":184,"column":38}},"83":{"start":{"line":185,"column":18},"end":{"line":185,"column":44}},"84":{"start":{"line":187,"column":4},"end":{"line":187,"column":35}},"85":{"start":{"line":188,"column":4},"end":{"line":199,"column":5}},"86":{"start":{"line":188,"column":17},"end":{"line":188,"column":18}},"87":{"start":{"line":189,"column":6},"end":{"line":198,"column":7}},"88":{"start":{"line":189,"column":19},"end":{"line":189,"column":20}},"89":{"start":{"line":190,"column":8},"end":{"line":197,"column":9}},"90":{"start":{"line":191,"column":10},"end":{"line":196,"column":12}},"91":{"start":{"line":203,"column":4},"end":{"line":203,"column":41}},"92":{"start":{"line":204,"column":4},"end":{"line":204,"column":57}},"93":{"start":{"line":208,"column":4},"end":{"line":208,"column":55}},"94":{"start":{"line":212,"column":4},"end":{"line":212,"column":56}},"95":{"start":{"line":212,"column":49},"end":{"line":212,"column":56}},"96":{"start":{"line":214,"column":16},"end":{"line":214,"column":33}},"97":{"start":{"line":215,"column":30},"end":{"line":215,"column":34}},"98":{"start":{"line":216,"column":20},"end":{"line":216,"column":56}},"99":{"start":{"line":218,"column":4},"end":{"line":231,"column":5}},"100":{"start":{"line":219,"column":6},"end":{"line":219,"column":26}},"101":{"start":{"line":220,"column":6},"end":{"line":220,"column":102}},"102":{"start":{"line":221,"column":6},"end":{"line":221,"column":81}},"103":{"start":{"line":223,"column":6},"end":{"line":223,"column":39}},"104":{"start":{"line":224,"column":6},"end":{"line":224,"column":44}},"105":{"start":{"line":225,"column":6},"end":{"line":225,"column":40}},"106":{"start":{"line":226,"column":6},"end":{"line":226,"column":43}},"107":{"start":{"line":227,"column":6},"end":{"line":227,"column":96}},"108":{"start":{"line":228,"column":6},"end":{"line":228,"column":29}},"109":{"start":{"line":230,"column":6},"end":{"line":230,"column":44}},"110":{"start":{"line":4,"column":0},"end":{"line":4,"column":13}}},"fnMap":{"0":{"name":"(anonymous_0)","decl":{"start":{"line":17,"column":2},"end":{"line":17,"column":14}},"loc":{"start":{"line":17,"column":96},"end":{"line":25,"column":3}}},"1":{"name":"(anonymous_1)","decl":{"start":{"line":27,"column":9},"end":{"line":27,"column":27}},"loc":{"start":{"line":27,"column":51},"end":{"line":37,"column":3}}},"2":{"name":"(anonymous_2)","decl":{"start":{"line":31,"column":36},"end":{"line":31,"column":39}},"loc":{"start":{"line":31,"column":41},"end":{"line":33,"column":7}}},"3":{"name":"(anonymous_3)","decl":{"start":{"line":39,"column":10},"end":{"line":39,"column":24}},"loc":{"start":{"line":39,"column":24},"end":{"line":43,"column":3}}},"4":{"name":"(anonymous_4)","decl":{"start":{"line":45,"column":2},"end":{"line":45,"column":11}},"loc":{"start":{"line":45,"column":24},"end":{"line":84,"column":3}}},"5":{"name":"(anonymous_5)","decl":{"start":{"line":86,"column":2},"end":{"line":86,"column":15}},"loc":{"start":{"line":86,"column":36},"end":{"line":103,"column":3}}},"6":{"name":"(anonymous_6)","decl":{"start":{"line":105,"column":2},"end":{"line":105,"column":17}},"loc":{"start":{"line":105,"column":17},"end":{"line":108,"column":3}}},"7":{"name":"(anonymous_7)","decl":{"start":{"line":110,"column":2},"end":{"line":110,"column":17}},"loc":{"start":{"line":110,"column":17},"end":{"line":112,"column":3}}},"8":{"name":"(anonymous_8)","decl":{"start":{"line":114,"column":2},"end":{"line":114,"column":17}},"loc":{"start":{"line":114,"column":17},"end":{"line":116,"column":3}}},"9":{"name":"(anonymous_9)","decl":{"start":{"line":118,"column":2},"end":{"line":118,"column":14}},"loc":{"start":{"line":118,"column":14},"end":{"line":125,"column":3}}},"10":{"name":"(anonymous_10)","decl":{"start":{"line":127,"column":2},"end":{"line":127,"column":20}},"loc":{"start":{"line":127,"column":44},"end":{"line":149,"column":3}}},"11":{"name":"(anonymous_11)","decl":{"start":{"line":151,"column":2},"end":{"line":151,"column":19}},"loc":{"start":{"line":151,"column":40},"end":{"line":169,"column":3}}},"12":{"name":"(anonymous_12)","decl":{"start":{"line":171,"column":2},"end":{"line":171,"column":11}},"loc":{"start":{"line":171,"column":25},"end":{"line":173,"column":3}}},"13":{"name":"(anonymous_13)","decl":{"start":{"line":175,"column":2},"end":{"line":175,"column":15}},"loc":{"start":{"line":175,"column":33},"end":{"line":177,"column":3}}},"14":{"name":"(anonymous_14)","decl":{"start":{"line":179,"column":2},"end":{"line":179,"column":11}},"loc":{"start":{"line":179,"column":25},"end":{"line":181,"column":3}}},"15":{"name":"(anonymous_15)","decl":{"start":{"line":183,"column":2},"end":{"line":183,"column":20}},"loc":{"start":{"line":183,"column":57},"end":{"line":200,"column":3}}},"16":{"name":"(anonymous_16)","decl":{"start":{"line":202,"column":9},"end":{"line":202,"column":34}},"loc":{"start":{"line":202,"column":50},"end":{"line":205,"column":3}}},"17":{"name":"(anonymous_17)","decl":{"start":{"line":207,"column":9},"end":{"line":207,"column":32}},"loc":{"start":{"line":207,"column":32},"end":{"line":209,"column":3}}},"18":{"name":"(anonymous_18)","decl":{"start":{"line":211,"column":9},"end":{"line":211,"column":29}},"loc":{"start":{"line":211,"column":29},"end":{"line":232,"column":3}}}},"branchMap":{"0":{"loc":{"start":{"line":28,"column":4},"end":{"line":36,"column":5}},"type":"if","locations":[{"start":{"line":28,"column":4},"end":{"line":36,"column":5}},{"start":{"line":34,"column":11},"end":{"line":36,"column":5}}]},"1":{"loc":{"start":{"line":40,"column":4},"end":{"line":42,"column":5}},"type":"if","locations":[{"start":{"line":40,"column":4},"end":{"line":42,"column":5}}]},"2":{"loc":{"start":{"line":52,"column":8},"end":{"line":81,"column":9}},"type":"if","locations":[{"start":{"line":52,"column":8},"end":{"line":81,"column":9}},{"start":{"line":73,"column":15},"end":{"line":81,"column":9}}]},"3":{"loc":{"start":{"line":52,"column":12},"end":{"line":52,"column":97}},"type":"binary-expr","locations":[{"start":{"line":52,"column":12},"end":{"line":52,"column":53}},{"start":{"line":52,"column":57},"end":{"line":52,"column":97}}]},"4":{"loc":{"start":{"line":54,"column":10},"end":{"line":72,"column":11}},"type":"if","locations":[{"start":{"line":54,"column":10},"end":{"line":72,"column":11}},{"start":{"line":68,"column":17},"end":{"line":72,"column":11}}]},"5":{"loc":{"start":{"line":56,"column":12},"end":{"line":67,"column":13}},"type":"if","locations":[{"start":{"line":56,"column":12},"end":{"line":67,"column":13}},{"start":{"line":59,"column":19},"end":{"line":67,"column":13}}]},"6":{"loc":{"start":{"line":61,"column":14},"end":{"line":66,"column":15}},"type":"if","locations":[{"start":{"line":61,"column":14},"end":{"line":66,"column":15}},{"start":{"line":64,"column":21},"end":{"line":66,"column":15}}]},"7":{"loc":{"start":{"line":75,"column":10},"end":{"line":80,"column":11}},"type":"if","locations":[{"start":{"line":75,"column":10},"end":{"line":80,"column":11}},{"start":{"line":78,"column":17},"end":{"line":80,"column":11}}]},"8":{"loc":{"start":{"line":93,"column":8},"end":{"line":100,"column":9}},"type":"if","locations":[{"start":{"line":93,"column":8},"end":{"line":100,"column":9}}]},"9":{"loc":{"start":{"line":137,"column":10},"end":{"line":144,"column":11}},"type":"if","locations":[{"start":{"line":137,"column":10},"end":{"line":144,"column":11}}]},"10":{"loc":{"start":{"line":159,"column":8},"end":{"line":166,"column":9}},"type":"if","locations":[{"start":{"line":159,"column":8},"end":{"line":166,"column":9}}]},"11":{"loc":{"start":{"line":190,"column":8},"end":{"line":197,"column":9}},"type":"if","locations":[{"start":{"line":190,"column":8},"end":{"line":197,"column":9}}]},"12":{"loc":{"start":{"line":212,"column":4},"end":{"line":212,"column":56}},"type":"if","locations":[{"start":{"line":212,"column":4},"end":{"line":212,"column":56}}]},"13":{"loc":{"start":{"line":218,"column":4},"end":{"line":231,"column":5}},"type":"if","locations":[{"start":{"line":218,"column":4},"end":{"line":231,"column":5}},{"start":{"line":229,"column":11},"end":{"line":231,"column":5}}]}},"s":{"0":14,"1":14,"2":14,"3":14,"4":14,"5":14,"6":14,"7":14,"8":14,"9":14,"10":14,"11":2,"12":1,"13":1,"14":1,"15":1,"16":1,"17":1,"18":4,"19":4,"20":4,"21":4,"22":80,"23":80,"24":800,"25":20,"26":20,"27":20,"28":10,"29":10,"30":10,"31":1,"32":1,"33":9,"34":0,"35":0,"36":780,"37":2,"38":2,"39":778,"40":1,"41":1,"42":1,"43":1,"44":1,"45":4,"46":4,"47":16,"48":4,"49":1,"50":1,"51":1,"52":1,"53":1,"54":1,"55":1,"56":1,"57":1,"58":1,"59":1,"60":1,"61":1,"62":2,"63":2,"64":2,"65":2,"66":2,"67":7,"68":7,"69":25,"70":8,"71":2,"72":1,"73":1,"74":1,"75":1,"76":1,"77":1,"78":2,"79":2,"80":4,"81":4,"82":1,"83":1,"84":1,"85":1,"86":1,"87":4,"88":4,"89":16,"90":4,"91":2,"92":2,"93":3,"94":2,"95":0,"96":2,"97":2,"98":2,"99":2,"100":1,"101":1,"102":1,"103":1,"104":1,"105":1,"106":1,"107":1,"108":1,"109":1,"110":1},"f":{"0":14,"1":2,"2":1,"3":1,"4":4,"5":1,"6":1,"7":1,"8":1,"9":1,"10":1,"11":1,"12":0,"13":0,"14":0,"15":1,"16":2,"17":3,"18":2},"b":{"0":[1,1],"1":[1],"2":[20,780],"3":[800,400],"4":[20,0],"5":[10,10],"6":[1,9],"7":[2,778],"8":[4],"9":[8],"10":[4],"11":[4],"12":[0],"13":[1,1]}}
,"/home/witchcraze/dev/tetris/src/utils/LocalStorageManager.ts": {"path":"/home/witchcraze/dev/tetris/src/utils/LocalStorageManager.ts","statementMap":{"0":{"start":{"line":3,"column":4},"end":{"line":7,"column":5}},"1":{"start":{"line":4,"column":6},"end":{"line":4,"column":39}},"2":{"start":{"line":6,"column":6},"end":{"line":6,"column":55}},"3":{"start":{"line":11,"column":4},"end":{"line":16,"column":5}},"4":{"start":{"line":12,"column":6},"end":{"line":12,"column":39}},"5":{"start":{"line":14,"column":6},"end":{"line":14,"column":58}},"6":{"start":{"line":15,"column":6},"end":{"line":15,"column":18}},"7":{"start":{"line":20,"column":4},"end":{"line":24,"column":5}},"8":{"start":{"line":21,"column":6},"end":{"line":21,"column":35}},"9":{"start":{"line":23,"column":6},"end":{"line":23,"column":59}},"10":{"start":{"line":1,"column":0},"end":{"line":1,"column":13}}},"fnMap":{"0":{"name":"(anonymous_0)","decl":{"start":{"line":2,"column":2},"end":{"line":2,"column":8}},"loc":{"start":{"line":2,"column":44},"end":{"line":8,"column":3}}},"1":{"name":"(anonymous_1)","decl":{"start":{"line":10,"column":2},"end":{"line":10,"column":8}},"loc":{"start":{"line":10,"column":29},"end":{"line":17,"column":3}}},"2":{"name":"(anonymous_2)","decl":{"start":{"line":19,"column":2},"end":{"line":19,"column":8}},"loc":{"start":{"line":19,"column":30},"end":{"line":25,"column":3}}}},"branchMap":{},"s":{"0":4,"1":4,"2":1,"3":41,"4":41,"5":1,"6":1,"7":2,"8":2,"9":1,"10":2},"f":{"0":4,"1":41,"2":2},"b":{}}
}
