TN:
SF:src/core/Board.ts
FN:8,(anonymous_0)
FN:11,(anonymous_1)
FN:14,(anonymous_2)
FN:36,(anonymous_3)
FN:47,(anonymous_4)
FN:48,(anonymous_5)
FN:51,(anonymous_6)
FN:54,(anonymous_7)
FNF:8
FNH:8
FNDA:46,(anonymous_0)
FNDA:920,(anonymous_1)
FNDA:383,(anonymous_2)
FNDA:19,(anonymous_3)
FNDA:38,(anonymous_4)
FNDA:760,(anonymous_5)
FNDA:19,(anonymous_6)
FNDA:676,(anonymous_7)
DA:3,3
DA:9,46
DA:10,46
DA:11,920
DA:15,383
DA:16,383
DA:17,1453
DA:18,5660
DA:19,1459
DA:20,1459
DA:23,1459
DA:24,8
DA:27,1451
DA:28,17
DA:33,358
DA:37,19
DA:38,19
DA:39,76
DA:40,304
DA:41,76
DA:48,760
DA:52,19
DA:53,19
DA:54,676
DA:56,24
DA:57,24
DA:58,24
DA:59,24
DA:62,19
LF:29
LH:29
BRDA:18,0,0,1459
BRDA:23,1,0,8
BRDA:23,2,0,1459
BRDA:23,2,1,1458
BRDA:23,2,2,1457
BRDA:27,3,0,17
BRDA:27,4,0,1451
BRDA:27,4,1,1451
BRDA:40,5,0,76
BRDA:54,6,0,24
BRF:10
BRH:10
end_of_record
TN:
SF:src/core/Game.ts
FN:29,(anonymous_0)
FN:44,(anonymous_1)
FN:88,(anonymous_2)
FN:94,(anonymous_3)
FN:109,(anonymous_4)
FN:129,(anonymous_5)
FN:144,(anonymous_6)
FN:154,(anonymous_7)
FN:158,(anonymous_8)
FN:164,(anonymous_9)
FN:174,(anonymous_10)
FN:179,(anonymous_11)
FN:228,(anonymous_12)
FN:238,(anonymous_13)
FN:242,(anonymous_14)
FN:246,(anonymous_15)
FN:256,(anonymous_16)
FNF:17
FNH:17
FNDA:38,(anonymous_0)
FNDA:4,(anonymous_1)
FNDA:10,(anonymous_2)
FNDA:38,(anonymous_3)
FNDA:1,(anonymous_4)
FNDA:19,(anonymous_5)
FNDA:15,(anonymous_6)
FNDA:4,(anonymous_7)
FNDA:4,(anonymous_8)
FNDA:57,(anonymous_9)
FNDA:35,(anonymous_10)
FNDA:9,(anonymous_11)
FNDA:5,(anonymous_12)
FNDA:7,(anonymous_13)
FNDA:6,(anonymous_14)
FNDA:17,(anonymous_15)
FNDA:14,(anonymous_16)
DA:1,1
DA:2,1
DA:3,1
DA:5,1
DA:7,38
DA:8,38
DA:9,38
DA:10,38
DA:11,38
DA:12,38
DA:13,38
DA:14,38
DA:16,38
DA:17,38
DA:18,38
DA:19,38
DA:35,38
DA:36,38
DA:37,1
DA:39,38
DA:40,1
DA:47,4
DA:49,1
DA:58,1
DA:60,1
DA:69,1
DA:73,2
DA:82,2
DA:85,4
DA:86,4
DA:88,10
DA:89,4
DA:90,1
DA:95,38
DA:96,38
DA:97,38
DA:98,38
DA:99,38
DA:100,38
DA:101,38
DA:102,38
DA:103,38
DA:104,114
DA:106,38
DA:110,1
DA:112,1
DA:113,1
DA:114,1
DA:115,0
DA:117,1
DA:118,1
DA:119,1
DA:120,1
DA:122,1
DA:123,1
DA:124,1
DA:130,19
DA:132,15
DA:134,1
DA:136,1
DA:138,1
DA:140,1
DA:145,15
DA:146,15
DA:147,3
DA:148,3
DA:149,1
DA:155,4
DA:161,4
DA:165,57
DA:166,57
DA:168,57
DA:169,1
DA:171,57
DA:175,35
DA:176,35
DA:180,9
DA:182,9
DA:183,9
DA:185,9
DA:187,1
DA:188,1
DA:190,1
DA:191,1
DA:193,1
DA:194,1
DA:197,2
DA:198,2
DA:199,2
DA:201,1
DA:203,2
DA:205,4
DA:206,3
DA:208,1
DA:209,1
DA:210,1
DA:211,1
DA:212,1
DA:215,2
DA:216,2
DA:218,3
DA:220,4
DA:223,9
DA:224,8
DA:229,5
DA:230,5
DA:231,2
DA:232,2
DA:235,5
DA:239,7
DA:243,6
DA:247,17
DA:249,17
DA:250,17
DA:251,292
DA:253,17
DA:257,14
DA:259,14
DA:260,14
DA:261,14
DA:262,14
DA:263,14
DA:264,14
DA:265,14
DA:266,14
DA:267,14
DA:268,14
DA:269,14
LF:128
LH:127
BRDA:36,0,0,1
BRDA:39,1,0,1
BRDA:47,2,0,1
BRDA:47,2,1,1
BRDA:47,2,2,2
BRDA:85,3,0,4
BRDA:89,4,0,1
BRDA:98,5,0,38
BRDA:98,5,1,34
BRDA:110,6,0,0
BRDA:112,7,0,1
BRDA:114,8,0,0
BRDA:114,8,1,1
BRDA:119,9,0,1
BRDA:119,10,0,1
BRDA:119,10,1,1
BRDA:130,11,0,15
BRDA:130,11,1,1
BRDA:130,11,2,1
BRDA:130,11,3,1
BRDA:130,11,4,1
BRDA:146,12,0,3
BRDA:148,13,0,1
BRDA:165,14,0,57
BRDA:165,14,1,0
BRDA:168,15,0,1
BRDA:168,16,0,57
BRDA:168,16,1,57
BRDA:180,17,0,0
BRDA:180,18,0,9
BRDA:180,18,1,9
BRDA:185,19,0,1
BRDA:185,19,1,1
BRDA:185,19,2,1
BRDA:185,19,3,2
BRDA:185,19,4,4
BRDA:199,20,0,1
BRDA:205,21,0,3
BRDA:206,22,0,1
BRDA:206,22,1,2
BRDA:223,23,0,8
BRDA:229,24,0,5
BRDA:230,25,0,2
BRDA:247,26,0,0
BRDA:257,27,0,0
BRDA:257,28,0,14
BRDA:257,28,1,14
BRDA:261,29,0,14
BRF:48
BRH:42
end_of_record
TN:
SF:src/core/Tetromino.ts
FN:8,(anonymous_0)
FN:16,(anonymous_1)
FN:37,(anonymous_2)
FN:41,(anonymous_3)
FN:46,(anonymous_4)
FN:66,(anonymous_5)
FN:77,(anonymous_6)
FN:81,(anonymous_7)
FN:85,(anonymous_8)
FNF:9
FNH:9
FNDA:245,(anonymous_0)
FNDA:245,(anonymous_1)
FNDA:85,(anonymous_2)
FNDA:9,(anonymous_3)
FNDA:10,(anonymous_4)
FNDA:17,(anonymous_5)
FNDA:428,(anonymous_6)
FNDA:2,(anonymous_7)
FNDA:44,(anonymous_8)
DA:1,4
DA:9,245
DA:10,245
DA:11,245
DA:12,245
DA:13,245
DA:17,245
DA:19,80
DA:21,44
DA:23,46
DA:25,44
DA:27,13
DA:29,8
DA:31,9
DA:33,1
DA:38,85
DA:42,9
DA:43,9
DA:47,10
DA:49,4
DA:50,3
DA:57,1
DA:65,6
DA:66,17
DA:68,6
DA:69,17
DA:70,49
DA:73,6
DA:78,428
DA:82,2
DA:86,44
LF:31
LH:31
BRDA:17,0,0,80
BRDA:17,0,1,44
BRDA:17,0,2,46
BRDA:17,0,3,44
BRDA:17,0,4,13
BRDA:17,0,5,8
BRDA:17,0,6,9
BRDA:17,0,7,1
BRDA:38,1,0,85
BRDA:38,1,1,81
BRDA:47,2,0,4
BRDA:47,2,1,6
BRDA:49,3,0,3
BRDA:49,3,1,1
BRDA:49,4,0,4
BRDA:49,4,1,4
BRF:16
BRH:16
end_of_record
TN:
SF:src/graphics/Renderer.ts
FN:17,(anonymous_0)
FN:27,(anonymous_1)
FN:31,(anonymous_2)
FN:39,(anonymous_3)
FN:45,(anonymous_4)
FN:86,(anonymous_5)
FN:105,(anonymous_6)
FN:110,(anonymous_7)
FN:114,(anonymous_8)
FN:118,(anonymous_9)
FN:127,(anonymous_10)
FN:151,(anonymous_11)
FN:171,(anonymous_12)
FN:175,(anonymous_13)
FN:179,(anonymous_14)
FN:183,(anonymous_15)
FN:202,(anonymous_16)
FN:207,(anonymous_17)
FN:211,(anonymous_18)
FNF:19
FNH:16
FNDA:14,(anonymous_0)
FNDA:2,(anonymous_1)
FNDA:1,(anonymous_2)
FNDA:1,(anonymous_3)
FNDA:4,(anonymous_4)
FNDA:1,(anonymous_5)
FNDA:1,(anonymous_6)
FNDA:1,(anonymous_7)
FNDA:1,(anonymous_8)
FNDA:1,(anonymous_9)
FNDA:1,(anonymous_10)
FNDA:1,(anonymous_11)
FNDA:0,(anonymous_12)
FNDA:0,(anonymous_13)
FNDA:0,(anonymous_14)
FNDA:1,(anonymous_15)
FNDA:2,(anonymous_16)
FNDA:3,(anonymous_17)
FNDA:2,(anonymous_18)
DA:4,1
DA:12,14
DA:13,14
DA:14,14
DA:15,14
DA:18,14
DA:19,14
DA:20,14
DA:21,14
DA:22,14
DA:23,14
DA:24,14
DA:28,2
DA:29,1
DA:30,1
DA:31,1
DA:35,1
DA:40,1
DA:41,1
DA:46,4
DA:47,4
DA:49,4
DA:50,80
DA:52,800
DA:53,20
DA:54,20
DA:56,20
DA:57,10
DA:58,10
DA:61,10
DA:62,1
DA:63,1
DA:65,9
DA:70,0
DA:71,0
DA:75,780
DA:76,2
DA:77,2
DA:79,778
DA:87,1
DA:88,1
DA:90,1
DA:91,1
DA:92,4
DA:93,16
DA:94,4
DA:106,1
DA:107,1
DA:111,1
DA:115,1
DA:119,1
DA:120,1
DA:121,1
DA:122,1
DA:123,1
DA:124,1
DA:128,1
DA:129,1
DA:130,1
DA:131,2
DA:132,2
DA:134,2
DA:135,2
DA:136,7
DA:137,25
DA:138,8
DA:147,2
DA:152,1
DA:153,1
DA:154,1
DA:156,1
DA:157,1
DA:158,2
DA:159,4
DA:160,4
DA:184,1
DA:185,1
DA:187,1
DA:188,1
DA:189,4
DA:190,16
DA:191,4
DA:203,2
DA:204,2
DA:208,3
DA:212,2
DA:214,2
DA:215,2
DA:216,2
DA:218,2
DA:219,1
DA:220,1
DA:221,1
DA:223,1
DA:224,1
DA:225,1
DA:226,1
DA:227,1
DA:228,1
DA:230,1
LF:100
LH:98
BRDA:28,0,0,1
BRDA:28,0,1,1
BRDA:40,1,0,1
BRDA:52,2,0,20
BRDA:52,2,1,780
BRDA:52,3,0,800
BRDA:52,3,1,400
BRDA:54,4,0,20
BRDA:54,4,1,0
BRDA:56,5,0,10
BRDA:56,5,1,10
BRDA:61,6,0,1
BRDA:61,6,1,9
BRDA:75,7,0,2
BRDA:75,7,1,778
BRDA:93,8,0,4
BRDA:137,9,0,8
BRDA:159,10,0,4
BRDA:190,11,0,4
BRDA:212,12,0,0
BRDA:218,13,0,1
BRDA:218,13,1,1
BRF:22
BRH:20
end_of_record
TN:
SF:src/utils/LocalStorageManager.ts
FN:2,(anonymous_0)
FN:10,(anonymous_1)
FN:19,(anonymous_2)
FNF:3
FNH:3
FNDA:4,(anonymous_0)
FNDA:41,(anonymous_1)
FNDA:2,(anonymous_2)
DA:1,2
DA:3,4
DA:4,4
DA:6,1
DA:11,41
DA:12,41
DA:14,1
DA:15,1
DA:20,2
DA:21,2
DA:23,1
LF:11
LH:11
BRF:0
BRH:0
end_of_record
